[19Oct2025 12:57:15.213] [main/INFO] [cpw.mods.modlauncher.Launcher/MODLAUNCHER]: ModLauncher running: args [--launchTarget, neoforgeclientdev, --version, 21.4.18-beta, --assetIndex, 19, --assetsDir, C:\\Users\\flame\\.gradle\\caches\\neoformruntime\\assets, --gameDir, ., --fml.fmlVersion, 6.0.4, --fml.mcVersion, 1.21.4, --fml.neoForgeVersion, 21.4.18-beta, --fml.neoFormVersion, 20241203.161809]
[19Oct2025 12:57:15.226] [main/INFO] [cpw.mods.modlauncher.Launcher/MODLAUNCHER]: JVM identified as Eclipse Adoptium OpenJDK 64-Bit Server VM 21.0.7+6-LTS
[19Oct2025 12:57:15.226] [main/INFO] [cpw.mods.modlauncher.Launcher/MODLAUNCHER]: ModLauncher 11.0.4+main.d2e20e43 starting: java version 21.0.7 by Eclipse Adoptium; OS Windows 11 arch amd64 version 10.0
[19Oct2025 12:57:15.386] [main/INFO] [net.neoforged.fml.loading.ImmediateWindowHandler/]: Loading ImmediateWindowProvider fmlearlywindow
[19Oct2025 12:57:15.612] [main/INFO] [EARLYDISPLAY/]: Trying GL version 4.6
[19Oct2025 12:57:15.892] [main/INFO] [EARLYDISPLAY/]: Requested GL version 4.6 got version 4.6
[19Oct2025 12:57:16.037] [main/INFO] [mixin/]: SpongePowered MIXIN Subsystem Version=0.8.7 Source=union:/C:/Users/flame/.gradle/caches/modules-2/files-2.1/net.fabricmc/sponge-mixin/0.15.2+mixin.0.8.7/2af2f021d8e02a0220dc27a7a72b4666d66d44ca/sponge-mixin-0.15.2+mixin.0.8.7.jar%23162!/ Service=ModLauncher Env=CLIENT
[19Oct2025 12:57:16.342] [pool-2-thread-1/INFO] [EARLYDISPLAY/]: GL info: NVIDIA GeForce RTX 3050 6GB Laptop GPU/PCIe/SSE2 GL version 4.6.0 NVIDIA 580.88, NVIDIA Corporation
[19Oct2025 12:57:16.596] [main/INFO] [net.neoforged.fml.loading.moddiscovery.locators.JarInJarDependencyLocator/]: Found 2 dependencies adding them to mods collection
[19Oct2025 12:57:16.598] [main/INFO] [net.neoforged.fml.loading.moddiscovery.ModDiscoverer/]: 
     Mod List:
		Name Version (Mod Id)

		Minecraft 1.21.4 (minecraft)
		NeoForge 21.4.18-beta (neoforge)
		PrismCraft 1.0.0 (prismcraft)
[19Oct2025 12:57:17.840] [main/INFO] [cpw.mods.modlauncher.LaunchServiceHandler/MODLAUNCHER]: Launching target 'neoforgeclientdev' with arguments [--version, 21.4.18-beta, --gameDir, ., --assetsDir, C:\Users\flame\.gradle\caches\neoformruntime\assets, --assetIndex, 19]
[19Oct2025 12:57:19.694] [Datafixer Bootstrap/INFO] [com.mojang.datafixers.DataFixerBuilder/]: 246 Datafixer optimizations took 552 milliseconds
[19Oct2025 12:57:19.817] [pool-7-thread-1/INFO] [MixinExtras|Service/]: Initializing MixinExtras via com.llamalad7.mixinextras.service.MixinExtrasServiceImpl(version=0.4.1).
[19Oct2025 12:57:25.930] [main/WARN] [net.minecraft.commands.Commands/]: Ambiguity between arguments [teleport, location] and [teleport, destination] with inputs: [0.1 -0.5 .9, 0 0 0]
[19Oct2025 12:57:25.932] [main/WARN] [net.minecraft.commands.Commands/]: Ambiguity between arguments [teleport, location] and [teleport, targets] with inputs: [0.1 -0.5 .9, 0 0 0]
[19Oct2025 12:57:25.932] [main/WARN] [net.minecraft.commands.Commands/]: Ambiguity between arguments [teleport, destination] and [teleport, targets] with inputs: [Player, 0123, @e, dd12be42-52a9-4a91-a8a1-11c01849e498]
[19Oct2025 12:57:25.932] [main/WARN] [net.minecraft.commands.Commands/]: Ambiguity between arguments [teleport, targets] and [teleport, destination] with inputs: [Player, 0123, dd12be42-52a9-4a91-a8a1-11c01849e498]
[19Oct2025 12:57:25.932] [main/WARN] [net.minecraft.commands.Commands/]: Ambiguity between arguments [teleport, targets, location] and [teleport, targets, destination] with inputs: [0.1 -0.5 .9, 0 0 0]
[19Oct2025 12:57:26.122] [Render thread/WARN] [net.minecraft.server.packs.VanillaPackResourcesBuilder/]: Assets URL 'union:/C:/Users/flame/Documents/prismcraft/build/moddev/artifacts/neoforge-21.4.18-beta-minecraft-merged.jar%23215!/assets/.mcassetsroot' uses unexpected schema
[19Oct2025 12:57:26.122] [Render thread/WARN] [net.minecraft.server.packs.VanillaPackResourcesBuilder/]: Assets URL 'union:/C:/Users/flame/Documents/prismcraft/build/moddev/artifacts/neoforge-21.4.18-beta-minecraft-merged.jar%23215!/data/.mcassetsroot' uses unexpected schema
[19Oct2025 12:57:26.160] [Render thread/INFO] [com.mojang.authlib.yggdrasil.YggdrasilAuthenticationService/]: Environment: Environment[sessionHost=https://sessionserver.mojang.com, servicesHost=https://api.minecraftservices.com, name=PROD]
[19Oct2025 12:57:26.177] [Render thread/INFO] [net.minecraft.client.Minecraft/]: Setting user: Dev
[19Oct2025 12:57:26.316] [Render thread/INFO] [net.minecraft.client.Minecraft/]: Backend library: LWJGL version 3.3.3+5
[19Oct2025 12:57:26.559] [modloading-worker-0/INFO] [net.starmarine06.prismcraft.PrismCraftMod/]: Initializing PrismCraft mod...
[19Oct2025 12:57:26.575] [modloading-worker-0/INFO] [net.neoforged.neoforge.common.NeoForgeMod/NEOFORGE-MOD]: NeoForge mod loading, version 21.4.18-beta, for MC 1.21.4
[19Oct2025 12:57:28.194] [Render thread/INFO] [net.neoforged.neoforge.gametest.GameTestHooks/]: Enabled Gametest Namespaces: []
[19Oct2025 12:57:28.351] [Render thread/INFO] [net.minecraft.server.packs.resources.ReloadableResourceManager/]: Reloading ResourceManager: vanilla, mod_resources, mod/prismcraft, mod/neoforge
[19Oct2025 12:57:28.484] [resourceLoad/INFO] [net.minecraft.client.gui.font.providers.UnihexProvider/]: Found unifont_jp_patch-16.0.01.hex, loading
[19Oct2025 12:57:28.484] [resourceLoad/INFO] [net.minecraft.client.gui.font.providers.UnihexProvider/]: Found unifont_all_no_pua-16.0.01.hex, loading
[19Oct2025 12:57:28.833] [resourceLoad/WARN] [net.minecraft.client.renderer.block.model.BlockModelDefinition/]: Exception loading blockstate definition: 'prismcraft:prism_log/mod/prismcraft' for variant: 'axis=z': Unknown blockstate property: 'axis'
[19Oct2025 12:57:28.834] [resourceLoad/WARN] [net.minecraft.client.renderer.block.model.BlockModelDefinition/]: Exception loading blockstate definition: 'prismcraft:prism_log/mod/prismcraft' for variant: 'axis=x': Unknown blockstate property: 'axis'
[19Oct2025 12:57:28.834] [resourceLoad/WARN] [net.minecraft.client.renderer.block.model.BlockModelDefinition/]: Exception loading blockstate definition: 'prismcraft:prism_log/mod/prismcraft' for variant: 'axis=y': Unknown blockstate property: 'axis'
[19Oct2025 12:57:30.056] [resourceLoad/WARN] [net.minecraft.client.resources.model.ModelManager/]: Missing textures in model prismcraft:prism_door#facing=north,half=lower,hinge=right,open=true,powered=true:
    minecraft:textures/atlas/blocks.png:prismcraft:block/prism_door
[19Oct2025 12:57:30.057] [resourceLoad/WARN] [net.minecraft.client.resources.model.ModelManager/]: Missing textures in model prismcraft:prism_door#facing=east,half=upper,hinge=left,open=false,powered=true:
    minecraft:textures/atlas/blocks.png:prismcraft:block/prism_door
[19Oct2025 12:57:30.058] [resourceLoad/WARN] [net.minecraft.client.resources.model.ModelManager/]: Missing textures in model prismcraft:prism_door#facing=south,half=upper,hinge=right,open=false,powered=false:
    minecraft:textures/atlas/blocks.png:prismcraft:block/prism_door
[19Oct2025 12:57:30.058] [resourceLoad/WARN] [net.minecraft.client.resources.model.ModelManager/]: Missing textures in model prismcraft:prism_door#facing=north,half=upper,hinge=right,open=false,powered=false:
    minecraft:textures/atlas/blocks.png:prismcraft:block/prism_door
[19Oct2025 12:57:30.058] [resourceLoad/WARN] [net.minecraft.client.resources.model.ModelManager/]: Missing textures in model prismcraft:prism_door#facing=east,half=lower,hinge=right,open=false,powered=false:
    minecraft:textures/atlas/blocks.png:prismcraft:block/prism_door
[19Oct2025 12:57:30.059] [resourceLoad/WARN] [net.minecraft.client.resources.model.ModelManager/]: Missing textures in model prismcraft:prism_door#facing=south,half=upper,hinge=left,open=true,powered=true:
    minecraft:textures/atlas/blocks.png:prismcraft:block/prism_door
[19Oct2025 12:57:30.060] [resourceLoad/WARN] [net.minecraft.client.resources.model.ModelManager/]: Missing textures in model prismcraft:prism_door#facing=west,half=lower,hinge=right,open=true,powered=false:
    minecraft:textures/atlas/blocks.png:prismcraft:block/prism_door
[19Oct2025 12:57:30.060] [resourceLoad/WARN] [net.minecraft.client.resources.model.ModelManager/]: Missing textures in model prismcraft:prism_door#facing=south,half=upper,hinge=left,open=false,powered=false:
    minecraft:textures/atlas/blocks.png:prismcraft:block/prism_door
[19Oct2025 12:57:30.061] [resourceLoad/WARN] [net.minecraft.client.resources.model.ModelManager/]: Missing textures in model prismcraft:prism_door#facing=east,half=lower,hinge=left,open=true,powered=true:
    minecraft:textures/atlas/blocks.png:prismcraft:block/prism_door
[19Oct2025 12:57:30.061] [resourceLoad/WARN] [net.minecraft.client.resources.model.ModelManager/]: Missing textures in model prismcraft:prism_door#facing=north,half=upper,hinge=right,open=true,powered=false:
    minecraft:textures/atlas/blocks.png:prismcraft:block/prism_door
[19Oct2025 12:57:30.062] [resourceLoad/WARN] [net.minecraft.client.resources.model.ModelManager/]: Missing textures in model prismcraft:prism_door#facing=west,half=upper,hinge=right,open=false,powered=false:
    minecraft:textures/atlas/blocks.png:prismcraft:block/prism_door
[19Oct2025 12:57:30.062] [resourceLoad/WARN] [net.minecraft.client.resources.model.ModelManager/]: Missing textures in model prismcraft:prism_door#facing=north,half=lower,hinge=left,open=true,powered=true:
    minecraft:textures/atlas/blocks.png:prismcraft:block/prism_door
[19Oct2025 12:57:30.064] [resourceLoad/WARN] [net.minecraft.client.resources.model.ModelManager/]: Missing textures in model prismcraft:prism_door#facing=east,half=upper,hinge=left,open=true,powered=false:
    minecraft:textures/atlas/blocks.png:prismcraft:block/prism_door
[19Oct2025 12:57:30.065] [resourceLoad/WARN] [net.minecraft.client.resources.model.ModelManager/]: Missing textures in model prismcraft:prism_door#facing=east,half=lower,hinge=right,open=true,powered=true:
    minecraft:textures/atlas/blocks.png:prismcraft:block/prism_door
[19Oct2025 12:57:30.065] [resourceLoad/WARN] [net.minecraft.client.resources.model.ModelManager/]: Missing textures in model prismcraft:prism_door#facing=north,half=lower,hinge=right,open=false,powered=true:
    minecraft:textures/atlas/blocks.png:prismcraft:block/prism_door
[19Oct2025 12:57:30.065] [resourceLoad/WARN] [net.minecraft.client.resources.model.ModelManager/]: Missing textures in model prismcraft:prism_door#facing=north,half=upper,hinge=left,open=false,powered=true:
    minecraft:textures/atlas/blocks.png:prismcraft:block/prism_door
[19Oct2025 12:57:30.065] [resourceLoad/WARN] [net.minecraft.client.resources.model.ModelManager/]: Missing textures in model prismcraft:prism_door#facing=west,half=upper,hinge=left,open=true,powered=true:
    minecraft:textures/atlas/blocks.png:prismcraft:block/prism_door
[19Oct2025 12:57:30.066] [resourceLoad/WARN] [net.minecraft.client.resources.model.ModelManager/]: Missing textures in model prismcraft:prism_door#facing=south,half=lower,hinge=right,open=false,powered=false:
    minecraft:textures/atlas/blocks.png:prismcraft:block/prism_door
[19Oct2025 12:57:30.066] [resourceLoad/WARN] [net.minecraft.client.resources.model.ModelManager/]: Missing textures in model prismcraft:prism_door#facing=west,half=upper,hinge=left,open=false,powered=false:
    minecraft:textures/atlas/blocks.png:prismcraft:block/prism_door
[19Oct2025 12:57:30.066] [resourceLoad/WARN] [net.minecraft.client.resources.model.ModelManager/]: Missing textures in model prismcraft:prism_door#facing=south,half=lower,hinge=right,open=true,powered=false:
    minecraft:textures/atlas/blocks.png:prismcraft:block/prism_door
[19Oct2025 12:57:30.067] [resourceLoad/WARN] [net.minecraft.client.resources.model.ModelManager/]: Missing textures in model prismcraft:prism_door#facing=east,half=upper,hinge=right,open=true,powered=false:
    minecraft:textures/atlas/blocks.png:prismcraft:block/prism_door
[19Oct2025 12:57:30.067] [resourceLoad/WARN] [net.minecraft.client.resources.model.ModelManager/]: Missing textures in model prismcraft:prism_door#facing=east,half=upper,hinge=right,open=false,powered=false:
    minecraft:textures/atlas/blocks.png:prismcraft:block/prism_door
[19Oct2025 12:57:30.068] [resourceLoad/WARN] [net.minecraft.client.resources.model.ModelManager/]: Missing textures in model prismcraft:prism_door#facing=south,half=lower,hinge=left,open=true,powered=true:
    minecraft:textures/atlas/blocks.png:prismcraft:block/prism_door
[19Oct2025 12:57:30.068] [resourceLoad/WARN] [net.minecraft.client.resources.model.ModelManager/]: Missing textures in model prismcraft:prism_door#facing=south,half=upper,hinge=right,open=true,powered=false:
    minecraft:textures/atlas/blocks.png:prismcraft:block/prism_door
[19Oct2025 12:57:30.069] [resourceLoad/WARN] [net.minecraft.client.resources.model.ModelManager/]: Missing textures in model prismcraft:prism_door#facing=west,half=lower,hinge=right,open=false,powered=false:
    minecraft:textures/atlas/blocks.png:prismcraft:block/prism_door
[19Oct2025 12:57:30.069] [resourceLoad/WARN] [net.minecraft.client.resources.model.ModelManager/]: Missing textures in model prismcraft:prism_door#facing=north,half=upper,hinge=left,open=true,powered=true:
    minecraft:textures/atlas/blocks.png:prismcraft:block/prism_door
[19Oct2025 12:57:30.069] [resourceLoad/WARN] [net.minecraft.client.resources.model.ModelManager/]: Missing textures in model prismcraft:prism_door#facing=west,half=upper,hinge=right,open=true,powered=false:
    minecraft:textures/atlas/blocks.png:prismcraft:block/prism_door
[19Oct2025 12:57:30.070] [resourceLoad/WARN] [net.minecraft.client.resources.model.ModelManager/]: Missing textures in model prismcraft:prism_door#facing=west,half=lower,hinge=left,open=true,powered=true:
    minecraft:textures/atlas/blocks.png:prismcraft:block/prism_door
[19Oct2025 12:57:30.145] [resourceLoad/WARN] [net.minecraft.client.resources.model.ModelManager/]: Missing model for variant: 'prismcraft:prism_log#'
[19Oct2025 12:57:31.472] [Render thread/INFO] [com.mojang.blaze3d.audio.Library/]: OpenAL initialized on device OpenAL Soft on Speakers (Realtek(R) Audio)
[19Oct2025 12:57:31.473] [Render thread/INFO] [net.minecraft.client.sounds.SoundEngine/SOUNDS]: Sound engine started
[19Oct2025 12:57:31.721] [Render thread/INFO] [net.minecraft.client.renderer.texture.TextureAtlas/]: Created: 1024x1024x0 minecraft:textures/atlas/blocks.png-atlas
[19Oct2025 12:57:31.733] [Render thread/INFO] [net.minecraft.client.renderer.texture.TextureAtlas/]: Created: 256x256x0 minecraft:textures/atlas/signs.png-atlas
[19Oct2025 12:57:31.733] [Render thread/INFO] [net.minecraft.client.renderer.texture.TextureAtlas/]: Created: 512x512x0 minecraft:textures/atlas/shield_patterns.png-atlas
[19Oct2025 12:57:31.734] [Render thread/INFO] [net.minecraft.client.renderer.texture.TextureAtlas/]: Created: 512x512x0 minecraft:textures/atlas/banner_patterns.png-atlas
[19Oct2025 12:57:31.734] [Render thread/INFO] [net.minecraft.client.renderer.texture.TextureAtlas/]: Created: 2048x1024x0 minecraft:textures/atlas/armor_trims.png-atlas
[19Oct2025 12:57:31.737] [Render thread/INFO] [net.minecraft.client.renderer.texture.TextureAtlas/]: Created: 128x64x0 minecraft:textures/atlas/decorated_pot.png-atlas
[19Oct2025 12:57:31.737] [Render thread/INFO] [net.minecraft.client.renderer.texture.TextureAtlas/]: Created: 256x256x0 minecraft:textures/atlas/chest.png-atlas
[19Oct2025 12:57:31.737] [Render thread/INFO] [net.minecraft.client.renderer.texture.TextureAtlas/]: Created: 512x256x0 minecraft:textures/atlas/shulker_boxes.png-atlas
[19Oct2025 12:57:31.738] [Render thread/INFO] [net.minecraft.client.renderer.texture.TextureAtlas/]: Created: 512x256x0 minecraft:textures/atlas/beds.png-atlas
[19Oct2025 12:57:31.739] [Render thread/INFO] [net.minecraft.client.renderer.texture.TextureAtlas/]: Created: 64x64x0 minecraft:textures/atlas/map_decorations.png-atlas
[19Oct2025 12:57:32.028] [Render thread/INFO] [net.minecraft.client.renderer.texture.TextureAtlas/]: Created: 512x256x0 minecraft:textures/atlas/particles.png-atlas
[19Oct2025 12:57:32.029] [Render thread/INFO] [net.minecraft.client.renderer.texture.TextureAtlas/]: Created: 512x256x0 minecraft:textures/atlas/paintings.png-atlas
[19Oct2025 12:57:32.031] [Render thread/INFO] [net.minecraft.client.renderer.texture.TextureAtlas/]: Created: 256x128x0 minecraft:textures/atlas/mob_effects.png-atlas
[19Oct2025 12:57:32.032] [Render thread/INFO] [net.minecraft.client.renderer.texture.TextureAtlas/]: Created: 1024x512x0 minecraft:textures/atlas/gui.png-atlas
[19Oct2025 12:57:32.052] [Render thread/INFO] [net.neoforged.neoforge.client.entity.animation.json.AnimationLoader/]: Loaded 0 entity animations
[19Oct2025 12:57:36.775] [Render thread/INFO] [net.minecraft.world.item.crafting.RecipeManager/]: Loaded 1370 recipes
[19Oct2025 12:57:36.795] [Render thread/INFO] [net.minecraft.advancements.AdvancementTree/]: Loaded 1481 advancements
[19Oct2025 12:57:36.974] [Server thread/INFO] [net.minecraft.client.server.IntegratedServer/]: Starting integrated minecraft server version 1.21.4
[19Oct2025 12:57:36.974] [Server thread/INFO] [net.minecraft.server.MinecraftServer/]: Generating keypair
[19Oct2025 12:57:37.434] [Server thread/INFO] [net.minecraft.server.MinecraftServer/]: Preparing start region for dimension minecraft:overworld
[19Oct2025 12:57:37.601] [progressListener/INFO] [net.minecraft.server.level.progress.LoggerChunkProgressListener/]: Preparing spawn area: 0%
[19Oct2025 12:57:37.663] [Server thread/INFO] [net.neoforged.neoforge.server.permission.PermissionAPI/]: Successfully initialized permission handler neoforge:default_handler
[19Oct2025 12:57:37.677] [progressListener/INFO] [net.minecraft.server.level.progress.LoggerChunkProgressListener/]: Time elapsed: 236 ms
[19Oct2025 12:57:37.696] [Server thread/INFO] [net.minecraft.client.server.IntegratedServer/]: Changing view distance to 12, from 10
[19Oct2025 12:57:37.696] [Server thread/INFO] [net.minecraft.client.server.IntegratedServer/]: Changing simulation distance to 12, from 0
[19Oct2025 12:57:38.648] [Server thread/INFO] [net.minecraft.server.players.PlayerList/]: Dev[local:E:b52f36df] logged in with entity id 1 at (-5.406564104595388, -57.8125, 14.300000011920929)
[19Oct2025 12:57:38.717] [Server thread/INFO] [net.minecraft.server.MinecraftServer/]: Dev joined the game
[19Oct2025 12:57:39.279] [Render thread/INFO] [net.minecraft.advancements.AdvancementTree/]: Loaded 66 advancements
[19Oct2025 12:58:44.070] [Render thread/INFO] [net.minecraft.client.gui.components.ChatComponent/]: [System] [CHAT] Saved screenshot as 2025-10-19_12.58.43.png
[19Oct2025 12:58:49.917] [Server thread/INFO] [net.minecraft.client.server.IntegratedServer/]: Saving and pausing game...
[19Oct2025 12:58:49.951] [Server thread/INFO] [net.minecraft.server.MinecraftServer/]: Saving chunks for level 'ServerLevel[New World]'/minecraft:overworld
[19Oct2025 12:58:49.961] [Server thread/INFO] [net.minecraft.server.MinecraftServer/]: Saving chunks for level 'ServerLevel[New World]'/minecraft:the_end
[19Oct2025 12:58:49.962] [Server thread/INFO] [net.minecraft.server.MinecraftServer/]: Saving chunks for level 'ServerLevel[New World]'/minecraft:the_nether
[19Oct2025 12:59:29.267] [Server thread/INFO] [net.minecraft.client.server.IntegratedServer/]: Saving and pausing game...
[19Oct2025 12:59:29.293] [Server thread/INFO] [net.minecraft.server.MinecraftServer/]: Saving chunks for level 'ServerLevel[New World]'/minecraft:overworld
[19Oct2025 12:59:29.297] [Server thread/INFO] [net.minecraft.server.MinecraftServer/]: Saving chunks for level 'ServerLevel[New World]'/minecraft:the_end
[19Oct2025 12:59:29.297] [Server thread/INFO] [net.minecraft.server.MinecraftServer/]: Saving chunks for level 'ServerLevel[New World]'/minecraft:the_nether
[19Oct2025 13:03:06.494] [Render thread/INFO] [net.minecraft.client.Minecraft/]: Stopping!
[19Oct2025 13:03:06.519] [Server thread/INFO] [net.minecraft.server.network.ServerGamePacketListenerImpl/]: Dev lost connection: Disconnected
[19Oct2025 13:03:06.520] [Server thread/INFO] [net.minecraft.server.MinecraftServer/]: Dev left the game
[19Oct2025 13:03:06.595] [Server thread/INFO] [net.minecraft.server.network.ServerCommonPacketListenerImpl/]: Stopping singleplayer server as player logged out
[19Oct2025 13:03:06.622] [Server thread/INFO] [net.minecraft.server.MinecraftServer/]: Stopping server
[19Oct2025 13:03:06.622] [Server thread/INFO] [net.minecraft.server.MinecraftServer/]: Saving players
[19Oct2025 13:03:06.623] [Server thread/INFO] [net.minecraft.server.MinecraftServer/]: Saving worlds
[19Oct2025 13:03:08.054] [Server thread/INFO] [net.minecraft.server.MinecraftServer/]: Saving chunks for level 'ServerLevel[New World]'/minecraft:overworld
[19Oct2025 13:03:08.106] [Server thread/INFO] [net.minecraft.server.MinecraftServer/]: Saving chunks for level 'ServerLevel[New World]'/minecraft:the_end
[19Oct2025 13:03:08.113] [Server thread/INFO] [net.minecraft.server.MinecraftServer/]: Saving chunks for level 'ServerLevel[New World]'/minecraft:the_nether
[19Oct2025 13:03:08.127] [Server thread/INFO] [net.minecraft.server.MinecraftServer/]: ThreadedAnvilChunkStorage (New World (1)): All chunks are saved
[19Oct2025 13:03:08.127] [Server thread/INFO] [net.minecraft.server.MinecraftServer/]: ThreadedAnvilChunkStorage (DIM1): All chunks are saved
[19Oct2025 13:03:08.127] [Server thread/INFO] [net.minecraft.server.MinecraftServer/]: ThreadedAnvilChunkStorage (DIM-1): All chunks are saved
[19Oct2025 13:03:08.127] [Server thread/INFO] [net.minecraft.server.MinecraftServer/]: ThreadedAnvilChunkStorage: All dimensions are saved
